-------------------------------------------------------------------------------
Test set: TestSuite
-------------------------------------------------------------------------------
Tests run: 6, Failures: 1, Errors: 0, Skipped: 0, Time elapsed: 49.531 s <<< FAILURE! - in TestSuite
verifyErrorsForSpacesInRequiredFields(tests.Register)  Time elapsed: 25.103 s  <<< FAILURE!
java.lang.AssertionError: expected [true] but found [false]
	at tests.Register.verifyErrorsForSpacesInRequiredFields(Register.java:57)

